<?xml version="1.0" encoding="UTF-8"?>
<!-- Generated by org.testng.reporters.JUnitXMLReporter -->
<testsuite ignored="0" hostname="Tamers-MBP" failures="0" tests="3" name="Default test" time="20.2" errors="0" timestamp="2022-01-04T12:40:29 EET">
  <testcase classname="testNGMavenFile.parallelTestNG" name="session1" time="9.981"/>
  <testcase classname="testNGMavenFile.parallelTestNG" name="session2" time="5.584"/>
  <testcase classname="testNGMavenFile.parallelTestNG" name="session3" time="4.55"/>
</testsuite> <!-- Default test -->
