<?xml version="1.0" encoding="UTF-8"?>
<!-- Generated by org.testng.reporters.JUnitXMLReporter -->
<testsuite ignored="0" hostname="Tamers-MBP" failures="0" tests="3" name="Test" time="8.104" errors="0" timestamp="2022-01-04T11:15:42 EET">
  <testcase classname="testNGMavenFile.parallelTestNG" name="session3" time="7.4"/>
  <testcase classname="testNGMavenFile.parallelTestNG" name="session1" time="7.4"/>
  <testcase classname="testNGMavenFile.parallelTestNG" name="session2" time="8.054"/>
</testsuite> <!-- Test -->
