<?xml version="1.0" encoding="UTF-8"?>
<testng-results ignored="0" total="3" passed="3" failed="0" skipped="0">
  <reporter-output>
  </reporter-output>
  <suite started-at="2022-01-04T12:40:08 EET" name="Default suite" finished-at="2022-01-04T12:40:29 EET" duration-ms="20200">
    <groups>
    </groups>
    <test started-at="2022-01-04T12:40:08 EET" name="Default test" finished-at="2022-01-04T12:40:29 EET" duration-ms="20200">
      <class name="testNGMavenFile.parallelTestNG">
        <test-method signature="session1()[pri:0, instance:testNGMavenFile.parallelTestNG@12b0404f]" started-at="2022-01-04T12:40:08 EET" name="session1" finished-at="2022-01-04T12:40:18 EET" duration-ms="9981" status="PASS">
          <reporter-output>
          </reporter-output>
        </test-method> <!-- session1 -->
        <test-method signature="session2()[pri:0, instance:testNGMavenFile.parallelTestNG@12b0404f]" started-at="2022-01-04T12:40:18 EET" name="session2" finished-at="2022-01-04T12:40:24 EET" duration-ms="5584" status="PASS">
          <reporter-output>
          </reporter-output>
        </test-method> <!-- session2 -->
        <test-method signature="session3()[pri:0, instance:testNGMavenFile.parallelTestNG@12b0404f]" started-at="2022-01-04T12:40:24 EET" name="session3" finished-at="2022-01-04T12:40:29 EET" duration-ms="4550" status="PASS">
          <reporter-output>
          </reporter-output>
        </test-method> <!-- session3 -->
      </class> <!-- testNGMavenFile.parallelTestNG -->
    </test> <!-- Default test -->
  </suite> <!-- Default suite -->
</testng-results>
